{"D:\\LEARNING\\cloning\\todoapps\\todo-app\\app.js": {"path":"D:\\LEARNING\\cloning\\todoapps\\todo-app\\app.js","statementMap":{"0":{"start":{"line":1,"column":0},"end":{"line":1,"column":27}},"1":{"start":{"line":2,"column":16},"end":{"line":2,"column":34}},"2":{"start":{"line":3,"column":19},"end":{"line":3,"column":44}},"3":{"start":{"line":4,"column":18},"end":{"line":4,"column":42}},"4":{"start":{"line":5,"column":12},"end":{"line":5,"column":21}},"5":{"start":{"line":6,"column":13},"end":{"line":6,"column":37}},"6":{"start":{"line":7,"column":0},"end":{"line":7,"column":28}},"7":{"start":{"line":8,"column":0},"end":{"line":8,"column":30}},"8":{"start":{"line":9,"column":0},"end":{"line":9,"column":24}},"9":{"start":{"line":13,"column":0},"end":{"line":20,"column":3}},"10":{"start":{"line":15,"column":2},"end":{"line":18,"column":5}},"11":{"start":{"line":19,"column":2},"end":{"line":19,"column":32}},"12":{"start":{"line":23,"column":0},"end":{"line":25,"column":3}},"13":{"start":{"line":24,"column":2},"end":{"line":24,"column":61}}},"fnMap":{"0":{"name":"(anonymous_0)","decl":{"start":{"line":13,"column":13},"end":{"line":13,"column":14}},"loc":{"start":{"line":13,"column":27},"end":{"line":20,"column":1}},"line":13},"1":{"name":"(anonymous_1)","decl":{"start":{"line":23,"column":17},"end":{"line":23,"column":18}},"loc":{"start":{"line":23,"column":23},"end":{"line":25,"column":1}},"line":23}},"branchMap":{"0":{"loc":{"start":{"line":6,"column":13},"end":{"line":6,"column":37}},"type":"binary-expr","locations":[{"start":{"line":6,"column":13},"end":{"line":6,"column":29}},{"start":{"line":6,"column":33},"end":{"line":6,"column":37}}],"line":6}},"s":{"0":1,"1":1,"2":1,"3":1,"4":1,"5":1,"6":1,"7":1,"8":1,"9":1,"10":0,"11":0,"12":1,"13":0},"f":{"0":0,"1":0},"b":{"0":[1,0]},"_coverageSchema":"1a1c01bbd47fc00a2c39e90264f33305004495a9","hash":"07d058a7104d35c264b7d6479cdf1e8fe50a3085"}
,"D:\\LEARNING\\cloning\\todoapps\\todo-app\\db.js": {"path":"D:\\LEARNING\\cloning\\todoapps\\todo-app\\db.js","statementMap":{"0":{"start":{"line":1,"column":0},"end":{"line":1,"column":27}},"1":{"start":{"line":2,"column":17},"end":{"line":2,"column":30}},"2":{"start":{"line":4,"column":13},"end":{"line":13,"column":2}},"3":{"start":{"line":15,"column":0},"end":{"line":15,"column":22}}},"fnMap":{},"branchMap":{},"s":{"0":1,"1":1,"2":1,"3":1},"f":{},"b":{},"_coverageSchema":"1a1c01bbd47fc00a2c39e90264f33305004495a9","hash":"2f6ad9ca39cb2565c297b47e966775c4934f77c3"}
,"D:\\LEARNING\\cloning\\todoapps\\todo-app\\routes\\todos.js": {"path":"D:\\LEARNING\\cloning\\todoapps\\todo-app\\routes\\todos.js","statementMap":{"0":{"start":{"line":1,"column":0},"end":{"line":1,"column":27}},"1":{"start":{"line":2,"column":16},"end":{"line":2,"column":34}},"2":{"start":{"line":3,"column":13},"end":{"line":3,"column":29}},"3":{"start":{"line":4,"column":15},"end":{"line":4,"column":31}},"4":{"start":{"line":5,"column":0},"end":{"line":5,"column":27}},"5":{"start":{"line":6,"column":12},"end":{"line":6,"column":35}},"6":{"start":{"line":14,"column":0},"end":{"line":64,"column":4}},"7":{"start":{"line":18,"column":4},"end":{"line":38,"column":5}},"8":{"start":{"line":19,"column":6},"end":{"line":19,"column":42}},"9":{"start":{"line":20,"column":26},"end":{"line":20,"column":34}},"10":{"start":{"line":21,"column":23},"end":{"line":21,"column":31}},"11":{"start":{"line":22,"column":30},"end":{"line":22,"column":38}},"12":{"start":{"line":23,"column":23},"end":{"line":23,"column":31}},"13":{"start":{"line":24,"column":27},"end":{"line":24,"column":35}},"14":{"start":{"line":25,"column":26},"end":{"line":25,"column":34}},"15":{"start":{"line":26,"column":25},"end":{"line":31,"column":7}},"16":{"start":{"line":32,"column":6},"end":{"line":32,"column":82}},"17":{"start":{"line":32,"column":44},"end":{"line":32,"column":82}},"18":{"start":{"line":33,"column":6},"end":{"line":33,"column":42}},"19":{"start":{"line":36,"column":6},"end":{"line":36,"column":36}},"20":{"start":{"line":37,"column":6},"end":{"line":37,"column":25}},"21":{"start":{"line":42,"column":4},"end":{"line":63,"column":5}},"22":{"start":{"line":43,"column":25},"end":{"line":43,"column":34}},"23":{"start":{"line":44,"column":25},"end":{"line":44,"column":34}},"24":{"start":{"line":45,"column":24},"end":{"line":45,"column":33}},"25":{"start":{"line":46,"column":25},"end":{"line":46,"column":34}},"26":{"start":{"line":47,"column":24},"end":{"line":47,"column":63}},"27":{"start":{"line":48,"column":25},"end":{"line":48,"column":62}},"28":{"start":{"line":49,"column":24},"end":{"line":49,"column":63}},"29":{"start":{"line":50,"column":25},"end":{"line":50,"column":62}},"30":{"start":{"line":51,"column":24},"end":{"line":57,"column":86}},"31":{"start":{"line":58,"column":22},"end":{"line":58,"column":49}},"32":{"start":{"line":59,"column":6},"end":{"line":59,"column":29}},"33":{"start":{"line":61,"column":6},"end":{"line":61,"column":37}},"34":{"start":{"line":62,"column":6},"end":{"line":62,"column":25}},"35":{"start":{"line":66,"column":0},"end":{"line":121,"column":5}},"36":{"start":{"line":71,"column":4},"end":{"line":81,"column":5}},"37":{"start":{"line":72,"column":21},"end":{"line":72,"column":31}},"38":{"start":{"line":73,"column":24},"end":{"line":75,"column":92}},"39":{"start":{"line":76,"column":22},"end":{"line":76,"column":49}},"40":{"start":{"line":77,"column":6},"end":{"line":77,"column":88}},"41":{"start":{"line":79,"column":6},"end":{"line":79,"column":37}},"42":{"start":{"line":80,"column":6},"end":{"line":80,"column":25}},"43":{"start":{"line":86,"column":4},"end":{"line":103,"column":5}},"44":{"start":{"line":87,"column":21},"end":{"line":87,"column":31}},"45":{"start":{"line":88,"column":23},"end":{"line":88,"column":31}},"46":{"start":{"line":89,"column":30},"end":{"line":89,"column":38}},"47":{"start":{"line":90,"column":23},"end":{"line":90,"column":31}},"48":{"start":{"line":91,"column":27},"end":{"line":91,"column":35}},"49":{"start":{"line":92,"column":26},"end":{"line":92,"column":34}},"50":{"start":{"line":93,"column":23},"end":{"line":93,"column":287}},"51":{"start":{"line":94,"column":6},"end":{"line":94,"column":58}},"52":{"start":{"line":95,"column":24},"end":{"line":97,"column":45}},"53":{"start":{"line":98,"column":25},"end":{"line":98,"column":54}},"54":{"start":{"line":99,"column":6},"end":{"line":99,"column":104}},"55":{"start":{"line":101,"column":6},"end":{"line":101,"column":40}},"56":{"start":{"line":102,"column":6},"end":{"line":102,"column":25}},"57":{"start":{"line":108,"column":4},"end":{"line":120,"column":5}},"58":{"start":{"line":109,"column":21},"end":{"line":109,"column":31}},"59":{"start":{"line":110,"column":24},"end":{"line":114,"column":45}},"60":{"start":{"line":115,"column":25},"end":{"line":115,"column":52}},"61":{"start":{"line":116,"column":6},"end":{"line":116,"column":113}},"62":{"start":{"line":118,"column":6},"end":{"line":118,"column":40}},"63":{"start":{"line":119,"column":6},"end":{"line":119,"column":25}},"64":{"start":{"line":125,"column":21},"end":{"line":125,"column":46}},"65":{"start":{"line":126,"column":16},"end":{"line":126,"column":40}},"66":{"start":{"line":127,"column":2},"end":{"line":127,"column":52}},"67":{"start":{"line":127,"column":26},"end":{"line":127,"column":52}},"68":{"start":{"line":128,"column":2},"end":{"line":132,"column":4}},"69":{"start":{"line":129,"column":4},"end":{"line":129,"column":32}},"70":{"start":{"line":129,"column":13},"end":{"line":129,"column":32}},"71":{"start":{"line":130,"column":4},"end":{"line":130,"column":21}},"72":{"start":{"line":131,"column":4},"end":{"line":131,"column":10}},"73":{"start":{"line":135,"column":0},"end":{"line":135,"column":24}}},"fnMap":{"0":{"name":"(anonymous_0)","decl":{"start":{"line":17,"column":8},"end":{"line":17,"column":9}},"loc":{"start":{"line":17,"column":28},"end":{"line":39,"column":3}},"line":17},"1":{"name":"(anonymous_1)","decl":{"start":{"line":41,"column":18},"end":{"line":41,"column":19}},"loc":{"start":{"line":41,"column":38},"end":{"line":64,"column":3}},"line":41},"2":{"name":"(anonymous_2)","decl":{"start":{"line":70,"column":18},"end":{"line":70,"column":19}},"loc":{"start":{"line":70,"column":38},"end":{"line":82,"column":3}},"line":70},"3":{"name":"(anonymous_3)","decl":{"start":{"line":85,"column":20},"end":{"line":85,"column":21}},"loc":{"start":{"line":85,"column":40},"end":{"line":104,"column":3}},"line":85},"4":{"name":"(anonymous_4)","decl":{"start":{"line":107,"column":21},"end":{"line":107,"column":22}},"loc":{"start":{"line":107,"column":41},"end":{"line":121,"column":3}},"line":107},"5":{"name":"authToken","decl":{"start":{"line":124,"column":9},"end":{"line":124,"column":18}},"loc":{"start":{"line":124,"column":35},"end":{"line":133,"column":1}},"line":124},"6":{"name":"(anonymous_6)","decl":{"start":{"line":128,"column":53},"end":{"line":128,"column":54}},"loc":{"start":{"line":128,"column":70},"end":{"line":132,"column":3}},"line":128}},"branchMap":{"0":{"loc":{"start":{"line":32,"column":6},"end":{"line":32,"column":82}},"type":"if","locations":[{"start":{"line":32,"column":6},"end":{"line":32,"column":82}},{"start":{},"end":{}}],"line":32},"1":{"loc":{"start":{"line":47,"column":24},"end":{"line":47,"column":63}},"type":"cond-expr","locations":[{"start":{"line":47,"column":33},"end":{"line":47,"column":58}},{"start":{"line":47,"column":61},"end":{"line":47,"column":63}}],"line":47},"2":{"loc":{"start":{"line":48,"column":25},"end":{"line":48,"column":62}},"type":"cond-expr","locations":[{"start":{"line":48,"column":34},"end":{"line":48,"column":57}},{"start":{"line":48,"column":60},"end":{"line":48,"column":62}}],"line":48},"3":{"loc":{"start":{"line":49,"column":24},"end":{"line":49,"column":63}},"type":"cond-expr","locations":[{"start":{"line":49,"column":33},"end":{"line":49,"column":58}},{"start":{"line":49,"column":61},"end":{"line":49,"column":63}}],"line":49},"4":{"loc":{"start":{"line":50,"column":25},"end":{"line":50,"column":62}},"type":"cond-expr","locations":[{"start":{"line":50,"column":34},"end":{"line":50,"column":57}},{"start":{"line":50,"column":60},"end":{"line":50,"column":62}}],"line":50},"5":{"loc":{"start":{"line":53,"column":8},"end":{"line":53,"column":98}},"type":"cond-expr","locations":[{"start":{"line":53,"column":34},"end":{"line":53,"column":93}},{"start":{"line":53,"column":96},"end":{"line":53,"column":98}}],"line":53},"6":{"loc":{"start":{"line":54,"column":8},"end":{"line":54,"column":102}},"type":"cond-expr","locations":[{"start":{"line":54,"column":21},"end":{"line":54,"column":97}},{"start":{"line":54,"column":100},"end":{"line":54,"column":102}}],"line":54},"7":{"loc":{"start":{"line":56,"column":8},"end":{"line":56,"column":75}},"type":"cond-expr","locations":[{"start":{"line":56,"column":21},"end":{"line":56,"column":70}},{"start":{"line":56,"column":73},"end":{"line":56,"column":75}}],"line":56},"8":{"loc":{"start":{"line":57,"column":8},"end":{"line":57,"column":45}},"type":"cond-expr","locations":[{"start":{"line":57,"column":17},"end":{"line":57,"column":40}},{"start":{"line":57,"column":43},"end":{"line":57,"column":45}}],"line":57},"9":{"loc":{"start":{"line":57,"column":49},"end":{"line":57,"column":83}},"type":"cond-expr","locations":[{"start":{"line":57,"column":57},"end":{"line":57,"column":78}},{"start":{"line":57,"column":81},"end":{"line":57,"column":83}}],"line":57},"10":{"loc":{"start":{"line":77,"column":6},"end":{"line":77,"column":87}},"type":"cond-expr","locations":[{"start":{"line":77,"column":27},"end":{"line":77,"column":62}},{"start":{"line":77,"column":65},"end":{"line":77,"column":87}}],"line":77},"11":{"loc":{"start":{"line":93,"column":26},"end":{"line":93,"column":67}},"type":"cond-expr","locations":[{"start":{"line":93,"column":33},"end":{"line":93,"column":62}},{"start":{"line":93,"column":65},"end":{"line":93,"column":67}}],"line":93},"12":{"loc":{"start":{"line":93,"column":70},"end":{"line":93,"column":132}},"type":"cond-expr","locations":[{"start":{"line":93,"column":84},"end":{"line":93,"column":127}},{"start":{"line":93,"column":130},"end":{"line":93,"column":132}}],"line":93},"13":{"loc":{"start":{"line":93,"column":135},"end":{"line":93,"column":176}},"type":"cond-expr","locations":[{"start":{"line":93,"column":142},"end":{"line":93,"column":171}},{"start":{"line":93,"column":174},"end":{"line":93,"column":176}}],"line":93},"14":{"loc":{"start":{"line":93,"column":179},"end":{"line":93,"column":232}},"type":"cond-expr","locations":[{"start":{"line":93,"column":190},"end":{"line":93,"column":227}},{"start":{"line":93,"column":230},"end":{"line":93,"column":232}}],"line":93},"15":{"loc":{"start":{"line":93,"column":235},"end":{"line":93,"column":285}},"type":"cond-expr","locations":[{"start":{"line":93,"column":245},"end":{"line":93,"column":280}},{"start":{"line":93,"column":283},"end":{"line":93,"column":285}}],"line":93},"16":{"loc":{"start":{"line":99,"column":6},"end":{"line":99,"column":104}},"type":"cond-expr","locations":[{"start":{"line":99,"column":34},"end":{"line":99,"column":69}},{"start":{"line":99,"column":72},"end":{"line":99,"column":104}}],"line":99},"17":{"loc":{"start":{"line":116,"column":6},"end":{"line":116,"column":113}},"type":"cond-expr","locations":[{"start":{"line":116,"column":33},"end":{"line":116,"column":75}},{"start":{"line":116,"column":78},"end":{"line":116,"column":113}}],"line":116},"18":{"loc":{"start":{"line":127,"column":2},"end":{"line":127,"column":52}},"type":"if","locations":[{"start":{"line":127,"column":2},"end":{"line":127,"column":52}},{"start":{},"end":{}}],"line":127},"19":{"loc":{"start":{"line":129,"column":4},"end":{"line":129,"column":32}},"type":"if","locations":[{"start":{"line":129,"column":4},"end":{"line":129,"column":32}},{"start":{},"end":{}}],"line":129}},"s":{"0":1,"1":1,"2":1,"3":1,"4":1,"5":1,"6":1,"7":0,"8":0,"9":0,"10":0,"11":0,"12":0,"13":0,"14":0,"15":0,"16":0,"17":0,"18":0,"19":0,"20":0,"21":0,"22":0,"23":0,"24":0,"25":0,"26":0,"27":0,"28":0,"29":0,"30":0,"31":0,"32":0,"33":0,"34":0,"35":1,"36":0,"37":0,"38":0,"39":0,"40":0,"41":0,"42":0,"43":0,"44":0,"45":0,"46":0,"47":0,"48":0,"49":0,"50":0,"51":0,"52":0,"53":0,"54":0,"55":0,"56":0,"57":0,"58":0,"59":0,"60":0,"61":0,"62":0,"63":0,"64":0,"65":0,"66":0,"67":0,"68":0,"69":0,"70":0,"71":0,"72":0,"73":1},"f":{"0":0,"1":0,"2":0,"3":0,"4":0,"5":0,"6":0},"b":{"0":[0,0],"1":[0,0],"2":[0,0],"3":[0,0],"4":[0,0],"5":[0,0],"6":[0,0],"7":[0,0],"8":[0,0],"9":[0,0],"10":[0,0],"11":[0,0],"12":[0,0],"13":[0,0],"14":[0,0],"15":[0,0],"16":[0,0],"17":[0,0],"18":[0,0],"19":[0,0]},"_coverageSchema":"1a1c01bbd47fc00a2c39e90264f33305004495a9","hash":"85bcd84e96ee988e7a7fd69ce7a5ce51157219eb"}
,"D:\\LEARNING\\cloning\\todoapps\\todo-app\\routes\\user.js": {"path":"D:\\LEARNING\\cloning\\todoapps\\todo-app\\routes\\user.js","statementMap":{"0":{"start":{"line":1,"column":0},"end":{"line":1,"column":26}},"1":{"start":{"line":2,"column":16},"end":{"line":2,"column":34}},"2":{"start":{"line":3,"column":13},"end":{"line":3,"column":29}},"3":{"start":{"line":4,"column":15},"end":{"line":4,"column":31}},"4":{"start":{"line":5,"column":15},"end":{"line":5,"column":32}},"5":{"start":{"line":6,"column":12},"end":{"line":6,"column":35}},"6":{"start":{"line":7,"column":0},"end":{"line":7,"column":26}},"7":{"start":{"line":10,"column":0},"end":{"line":28,"column":2}},"8":{"start":{"line":11,"column":2},"end":{"line":27,"column":3}},"9":{"start":{"line":12,"column":25},"end":{"line":12,"column":33}},"10":{"start":{"line":13,"column":22},"end":{"line":13,"column":30}},"11":{"start":{"line":14,"column":25},"end":{"line":14,"column":33}},"12":{"start":{"line":15,"column":25},"end":{"line":15,"column":56}},"13":{"start":{"line":16,"column":32},"end":{"line":16,"column":40}},"14":{"start":{"line":17,"column":21},"end":{"line":22,"column":5}},"15":{"start":{"line":23,"column":4},"end":{"line":23,"column":27}},"16":{"start":{"line":25,"column":4},"end":{"line":25,"column":19}},"17":{"start":{"line":26,"column":4},"end":{"line":26,"column":22}},"18":{"start":{"line":30,"column":0},"end":{"line":56,"column":2}},"19":{"start":{"line":31,"column":23},"end":{"line":31,"column":31}},"20":{"start":{"line":32,"column":23},"end":{"line":32,"column":31}},"21":{"start":{"line":33,"column":24},"end":{"line":33,"column":95}},"22":{"start":{"line":34,"column":15},"end":{"line":34,"column":33}},"23":{"start":{"line":35,"column":2},"end":{"line":38,"column":3}},"24":{"start":{"line":36,"column":4},"end":{"line":36,"column":53}},"25":{"start":{"line":39,"column":2},"end":{"line":55,"column":3}},"26":{"start":{"line":40,"column":21},"end":{"line":40,"column":92}},"27":{"start":{"line":41,"column":19},"end":{"line":41,"column":32}},"28":{"start":{"line":42,"column":20},"end":{"line":42,"column":59}},"29":{"start":{"line":42,"column":50},"end":{"line":42,"column":58}},"30":{"start":{"line":43,"column":23},"end":{"line":43,"column":75}},"31":{"start":{"line":44,"column":24},"end":{"line":44,"column":77}},"32":{"start":{"line":45,"column":22},"end":{"line":45,"column":61}},"33":{"start":{"line":45,"column":52},"end":{"line":45,"column":60}},"34":{"start":{"line":46,"column":20},"end":{"line":46,"column":38}},"35":{"start":{"line":47,"column":4},"end":{"line":51,"column":5}},"36":{"start":{"line":48,"column":6},"end":{"line":48,"column":71}},"37":{"start":{"line":50,"column":6},"end":{"line":50,"column":36}},"38":{"start":{"line":53,"column":4},"end":{"line":53,"column":19}},"39":{"start":{"line":54,"column":4},"end":{"line":54,"column":22}},"40":{"start":{"line":58,"column":0},"end":{"line":80,"column":2}},"41":{"start":{"line":59,"column":23},"end":{"line":59,"column":31}},"42":{"start":{"line":60,"column":23},"end":{"line":60,"column":31}},"43":{"start":{"line":61,"column":24},"end":{"line":61,"column":93}},"44":{"start":{"line":62,"column":15},"end":{"line":62,"column":33}},"45":{"start":{"line":63,"column":2},"end":{"line":65,"column":3}},"46":{"start":{"line":64,"column":4},"end":{"line":64,"column":53}},"47":{"start":{"line":66,"column":2},"end":{"line":79,"column":3}},"48":{"start":{"line":67,"column":22},"end":{"line":67,"column":91}},"49":{"start":{"line":68,"column":19},"end":{"line":68,"column":33}},"50":{"start":{"line":69,"column":23},"end":{"line":69,"column":62}},"51":{"start":{"line":69,"column":53},"end":{"line":69,"column":61}},"52":{"start":{"line":70,"column":20},"end":{"line":70,"column":39}},"53":{"start":{"line":71,"column":4},"end":{"line":75,"column":5}},"54":{"start":{"line":72,"column":6},"end":{"line":72,"column":26}},"55":{"start":{"line":74,"column":6},"end":{"line":74,"column":36}},"56":{"start":{"line":77,"column":4},"end":{"line":77,"column":19}},"57":{"start":{"line":78,"column":4},"end":{"line":78,"column":22}},"58":{"start":{"line":82,"column":0},"end":{"line":105,"column":2}},"59":{"start":{"line":83,"column":23},"end":{"line":83,"column":31}},"60":{"start":{"line":84,"column":23},"end":{"line":84,"column":31}},"61":{"start":{"line":85,"column":24},"end":{"line":85,"column":93}},"62":{"start":{"line":86,"column":15},"end":{"line":86,"column":33}},"63":{"start":{"line":87,"column":2},"end":{"line":89,"column":3}},"64":{"start":{"line":88,"column":4},"end":{"line":88,"column":53}},"65":{"start":{"line":90,"column":2},"end":{"line":104,"column":3}},"66":{"start":{"line":91,"column":21},"end":{"line":91,"column":90}},"67":{"start":{"line":92,"column":19},"end":{"line":92,"column":32}},"68":{"start":{"line":93,"column":23},"end":{"line":93,"column":62}},"69":{"start":{"line":93,"column":53},"end":{"line":93,"column":61}},"70":{"start":{"line":94,"column":20},"end":{"line":94,"column":30}},"71":{"start":{"line":95,"column":4},"end":{"line":100,"column":5}},"72":{"start":{"line":96,"column":25},"end":{"line":96,"column":103}},"73":{"start":{"line":97,"column":6},"end":{"line":97,"column":33}},"74":{"start":{"line":99,"column":6},"end":{"line":99,"column":36}},"75":{"start":{"line":102,"column":4},"end":{"line":102,"column":19}},"76":{"start":{"line":103,"column":4},"end":{"line":103,"column":22}},"77":{"start":{"line":107,"column":0},"end":{"line":107,"column":23}}},"fnMap":{"0":{"name":"(anonymous_0)","decl":{"start":{"line":10,"column":25},"end":{"line":10,"column":26}},"loc":{"start":{"line":10,"column":45},"end":{"line":28,"column":1}},"line":10},"1":{"name":"(anonymous_1)","decl":{"start":{"line":30,"column":22},"end":{"line":30,"column":23}},"loc":{"start":{"line":30,"column":42},"end":{"line":56,"column":1}},"line":30},"2":{"name":"(anonymous_2)","decl":{"start":{"line":42,"column":32},"end":{"line":42,"column":33}},"loc":{"start":{"line":42,"column":50},"end":{"line":42,"column":58}},"line":42},"3":{"name":"(anonymous_3)","decl":{"start":{"line":45,"column":34},"end":{"line":45,"column":35}},"loc":{"start":{"line":45,"column":52},"end":{"line":45,"column":60}},"line":45},"4":{"name":"(anonymous_4)","decl":{"start":{"line":58,"column":22},"end":{"line":58,"column":23}},"loc":{"start":{"line":58,"column":42},"end":{"line":80,"column":1}},"line":58},"5":{"name":"(anonymous_5)","decl":{"start":{"line":69,"column":35},"end":{"line":69,"column":36}},"loc":{"start":{"line":69,"column":53},"end":{"line":69,"column":61}},"line":69},"6":{"name":"(anonymous_6)","decl":{"start":{"line":82,"column":25},"end":{"line":82,"column":26}},"loc":{"start":{"line":82,"column":45},"end":{"line":105,"column":1}},"line":82},"7":{"name":"(anonymous_7)","decl":{"start":{"line":93,"column":35},"end":{"line":93,"column":36}},"loc":{"start":{"line":93,"column":53},"end":{"line":93,"column":61}},"line":93}},"branchMap":{"0":{"loc":{"start":{"line":35,"column":2},"end":{"line":38,"column":3}},"type":"if","locations":[{"start":{"line":35,"column":2},"end":{"line":38,"column":3}},{"start":{},"end":{}}],"line":35},"1":{"loc":{"start":{"line":47,"column":4},"end":{"line":51,"column":5}},"type":"if","locations":[{"start":{"line":47,"column":4},"end":{"line":51,"column":5}},{"start":{"line":49,"column":11},"end":{"line":51,"column":5}}],"line":47},"2":{"loc":{"start":{"line":63,"column":2},"end":{"line":65,"column":3}},"type":"if","locations":[{"start":{"line":63,"column":2},"end":{"line":65,"column":3}},{"start":{},"end":{}}],"line":63},"3":{"loc":{"start":{"line":71,"column":4},"end":{"line":75,"column":5}},"type":"if","locations":[{"start":{"line":71,"column":4},"end":{"line":75,"column":5}},{"start":{"line":73,"column":11},"end":{"line":75,"column":5}}],"line":71},"4":{"loc":{"start":{"line":87,"column":2},"end":{"line":89,"column":3}},"type":"if","locations":[{"start":{"line":87,"column":2},"end":{"line":89,"column":3}},{"start":{},"end":{}}],"line":87},"5":{"loc":{"start":{"line":95,"column":4},"end":{"line":100,"column":5}},"type":"if","locations":[{"start":{"line":95,"column":4},"end":{"line":100,"column":5}},{"start":{"line":98,"column":11},"end":{"line":100,"column":5}}],"line":95}},"s":{"0":1,"1":1,"2":1,"3":1,"4":1,"5":1,"6":1,"7":1,"8":0,"9":0,"10":0,"11":0,"12":0,"13":0,"14":0,"15":0,"16":0,"17":0,"18":1,"19":0,"20":0,"21":0,"22":0,"23":0,"24":0,"25":0,"26":0,"27":0,"28":0,"29":0,"30":0,"31":0,"32":0,"33":0,"34":0,"35":0,"36":0,"37":0,"38":0,"39":0,"40":1,"41":0,"42":0,"43":0,"44":0,"45":0,"46":0,"47":0,"48":0,"49":0,"50":0,"51":0,"52":0,"53":0,"54":0,"55":0,"56":0,"57":0,"58":1,"59":0,"60":0,"61":0,"62":0,"63":0,"64":0,"65":0,"66":0,"67":0,"68":0,"69":0,"70":0,"71":0,"72":0,"73":0,"74":0,"75":0,"76":0,"77":1},"f":{"0":0,"1":0,"2":0,"3":0,"4":0,"5":0,"6":0,"7":0},"b":{"0":[0,0],"1":[0,0],"2":[0,0],"3":[0,0],"4":[0,0],"5":[0,0]},"_coverageSchema":"1a1c01bbd47fc00a2c39e90264f33305004495a9","hash":"61a97ab4dae06ade27e8607711fe73b67a383e3c"}
}
